To identify high-usage columns in the `Users`, `Booking`, and `Property` tables, I’ll analyze the queries you’ve provided in this conversation to determine which columns are frequently used in `WHERE`, `JOIN`, or `ORDER BY` clauses. Then, I’ll create appropriate `CREATE INDEX` commands for those columns and save them in a file named `database_index.sql`. Finally, I’ll discuss how to measure query performance before and after adding indexes using `EXPLAIN` or `EXPLAIN ANALYZE`, including example output based on the provided schema and sample data.

### Step 1: Identify High-Usage Columns
Based on the queries provided in our conversation, I’ll review the usage of columns in `Users`, `Booking`, and `Property` tables across `WHERE`, `JOIN`, and `ORDER BY` clauses:

#### Queries Analyzed:
1. **INNER JOIN (Bookings and Users)**:
   ```sql
   SELECT ... FROM Booking b INNER JOIN Users u ON b.user_id = u.user_id;
   ```
   - **Join**: `Users.user_id`, `Booking.user_id`
   - **Where**: None
   - **Order By**: None

2. **LEFT JOIN (Properties and Reviews)**:
   ```sql
   SELECT ... FROM Property p LEFT JOIN Review r ON p.property_id = r.property_id;
   ```
   - **Join**: `Property.property_id`, `Review.property_id`
   - **Where**: None
   - **Order By**: None

3. **FULL OUTER JOIN (Users and Bookings)**:
   ```sql
   SELECT ... FROM Users u FULL OUTER JOIN Booking b ON u.user_id = b.user_id;
   ```
   - **Join**: `Users.user_id`, `Booking.user_id`
   - **Where**: None
   - **Order By**: None

4. **Subquery (Properties with Average Rating > 4.0)**:
   ```sql
   SELECT ... FROM Property p WHERE p.property_id IN (SELECT r.property_id FROM Review r GROUP BY r.property_id HAVING AVG(r.rating) > 4.0);
   ```
   - **Where**: `Property.property_id`
   - **Join**: None (subquery uses `Review.property_id`)
   - **Order By**: None

5. **Correlated Subquery (Users with >3 Bookings)**:
   ```sql
   SELECT ... FROM Users u WHERE (SELECT COUNT(*) FROM Booking b WHERE b.user_id = u.user_id) > 3;
   ```
   - **Where**: `Users.user_id`, `Booking.user_id`
   - **Join**: None (correlated subquery)
   - **Order By**: None

6. **Aggregation with GROUP BY (Total Bookings per User)**:
   ```sql
   SELECT ... COUNT(b.booking_id) ... FROM Users u LEFT JOIN Booking b ON u.user_id = b.user_id GROUP BY u.user_id, u.first_name, u.last_name, u.email;
   ```
   - **Join**: `Users.user_id`, `Booking.user_id`
   - **Where**: None
   - **Group By**: `Users.user_id`, `Users.first_name`, `Users.last_name`, `Users.email`

7. **Window Function (Rank Properties by Bookings)**:
   ```sql
   SELECT ... COUNT(b.booking_id) AS total_bookings, ROW_NUMBER() OVER (ORDER BY COUNT(b.booking_id) DESC) ... FROM Property p LEFT JOIN Booking b ON p.property_id = b.property_id GROUP BY p.property_id, p.name, p.location, p.pricepernight;
   ```
   - **Join**: `Property.property_id`, `Booking.property_id`
   - **Where**: None
   - **Order By**: `COUNT(b.booking_id)` (in the window function)
   - **Group By**: `Property.property_id`, `Property.name`, `Property.location`, `Property.pricepernight`

#### High-Usage Columns:
- **Users Table**:
  - `user_id`: Used in `JOIN` (INNER, FULL OUTER, LEFT) and `WHERE` (correlated subquery, GROUP BY).
  - `email`: Used in `GROUP BY` (aggregation query).
  - `first_name`, `last_name`: Used in `GROUP BY` (aggregation query).

- **Booking Table**:
  - `user_id`: Used in `JOIN` (INNER, FULL OUTER, LEFT) and `WHERE` (correlated subquery).
  - `property_id`: Used in `JOIN` (with `Property` table).
  - `booking_id`: Used in `COUNT` (aggregation and window function queries).

- **Property Table**:
  - `property_id`: Used in `JOIN` (with `Booking` and `Review`) and `WHERE` (subquery).
  - `name`, `location`, `pricepernight`: Used in `GROUP BY` (window function query).

#### Observations:
- The `schema.sql` already includes some indexes:
  - `idx_user_email` on `Users(email)`
  - `idx_property_property_id` on `Property(property_id)`
  - `idx_booking_property_id` on `Booking(property_id)`
  - `idx_booking_booking_id` on `Booking(booking_id)`
  - `idx_payment_booking_id` on `Payment(booking_id)`
- Missing indexes for high-usage columns:
  - `Users.user_id` (primary key, already indexed implicitly).
  - `Booking.user_id` (frequently used in `JOIN` and `WHERE`, no index exists).
  - `Users.first_name`, `Users.last_name`, `Users.email` (used in `GROUP BY`, but `email` is already indexed).
  - `Property.name`, `Property.location`, `Property.pricepernight` (used in `GROUP BY`, no indexes exist).

### Step 2: Create Indexes for High-Usage Columns
I’ll create indexes for columns that are frequently used but not yet indexed, focusing on `Booking.user_id` (used in `JOIN` and `WHERE`) and optionally `Property.name`, `Property.location`, and `Property.pricepernight` (used in `GROUP BY`). Since `Users.user_id` is a primary key and `Property.property_id`, `Booking.property_id`, and `Booking.booking_id` are already indexed, I’ll focus on `Booking.user_id` and consider composite indexes for `Property` columns if needed.

Here’s the SQL for creating the necessary indexes:

```sql
-- Creating index on Booking.user_id for JOIN and WHERE clauses
CREATE INDEX idx_booking_user_id ON Booking(user_id);

-- Creating composite index on Property for GROUP BY columns
CREATE INDEX idx_property_group_by ON Property(name, location, pricepernight);
```

### Explanation of Indexes:
1. **idx_booking_user_id**:
   - Targets `Booking.user_id`, which is used in `JOIN` (INNER, FULL OUTER, LEFT) and `WHERE` (correlated subquery).
   - Improves performance for queries filtering or joining on `user_id`.
   - Single-column index, as `user_id` is used independently in conditions.

2. **idx_property_group_by**:
   - Composite index on `Property(name, location, pricepernight)` to support `GROUP BY` in the window function query.
   - These columns are grouped together, and a composite index can optimize sorting and grouping operations.
   - Note: This index may have limited impact unless the `GROUP BY` query is run frequently with large datasets, but it’s included for completeness.

### Step 3: Measure Query Performance with EXPLAIN/ANALYZE
To measure query performance before and after adding indexes, I’ll use `EXPLAIN ANALYZE` on a representative query that uses high-usage columns. I’ll choose the query from the aggregation with `GROUP BY` (total bookings per user), as it involves `Users.user_id` and `Booking.user_id`, which are affected by the new `idx_booking_user_id` index:

```sql
SELECT 
    u.user_id,
    u.first_name,
    u.last_name,
    u.email,
    COUNT(b.booking_id) AS total_bookings
FROM Users u
LEFT JOIN Booking b ON u.user_id = b.user_id
GROUP BY u.user_id, u.first_name, u.last_name, u.email;
```

#### Before Adding Indexes:
Assuming only the indexes from `schema.sql` exist (`idx_user_email`, `idx_property_property_id`, `idx_booking_property_id`, `idx_booking_booking_id`, `idx_payment_booking_id`), let’s run `EXPLAIN ANALYZE`:

```sql
EXPLAIN ANALYZE
SELECT 
    u.user_id,
    u.first_name,
    u.last_name,
    u.email,
    COUNT(b.booking_id) AS total_bookings
FROM Users u
LEFT JOIN Booking b ON u.user_id = b.user_id
GROUP BY u.user_id, u.first_name, u.last_name, u.email;
```

**Hypothetical Output (Before Indexes)**:
```
GroupAggregate  (cost=100.00..150.00 rows=5 width=150) (actual time=0.050..0.060 rows=5 loops=1)
  Group Key: u.user_id, u.first_name, u.last_name, u.email
  ->  Merge Left Join  (cost=100.00..140.00 rows=5 width=142) (actual time=0.040..0.050 rows=8 loops=1)
        Merge Cond: (u.user_id = b.user_id)
        ->  Seq Scan on Users u  (cost=0.00..20.00 rows=5 width=110) (actual time=0.010..0.015 rows=5 loops=1)
        ->  Seq Scan on Booking b  (cost=0.00..20.00 rows=3 width=32) (actual time=0.010..0.015 rows=3 loops=1)
Planning Time: 0.200 ms
Execution Time: 0.080 ms
```

**Analysis**:
- **Seq Scan on Booking**: Without an index on `Booking.user_id`, the database performs a sequential scan on the `Booking` table to find matching `user_id` values, which is inefficient for larger datasets.
- **Seq Scan on Users**: Since `Users.user_id` is a primary key, it’s implicitly indexed, but the small table size (5 rows) makes a sequential scan reasonable.
- **Merge Left Join**: The join operation is performed without leveraging an index on `Booking.user_id`, leading to higher costs for larger tables.
- **Cost and Time**: The cost (100.00..150.00) and execution time (0.080 ms) are low due to the small dataset (5 users, 3 bookings), but this would scale poorly with more data.

#### After Adding Indexes:
After applying the indexes from `database_index.sql` (specifically `idx_booking_user_id`), let’s run `EXPLAIN ANALYZE` again:

```sql
EXPLAIN ANALYZE
SELECT 
    u.user_id,
    u.first_name,
    u.last_name,
    u.email,
    COUNT(b.booking_id) AS total_bookings
FROM Users u
LEFT JOIN Booking b ON u.user_id = b.user_id
GROUP BY u.user_id, u.first_name, u.last_name, u.email;
```

**Hypothetical Output (After Indexes)**:
```
GroupAggregate  (cost=50.00..100.00 rows=5 width=150) (actual time=0.030..0.040 rows=5 loops=1)
  Group Key: u.user_id, u.first_name, u.last_name, u.email
  ->  Merge Left Join  (cost=50.00..90.00 rows=5 width=142) (actual time=0.020..0.030 rows=8 loops=1)
        Merge Cond: (u.user_id = b.user_id)
        ->  Seq Scan on Users u  (cost=0.00..20.00 rows=5 width=110) (actual time=0.010..0.015 rows=5 loops=1)
        ->  Index Scan using idx_booking_user_id on Booking b  (cost=0.00..30.00 rows=3 width=32) (actual time=0.005..0.010 rows=3 loops=1)
Planning Time: 0.150 ms
Execution Time: 0.050 ms
```

**Analysis**:
- **Index Scan on Booking**: The new `idx_booking_user_id` allows the database to use an index scan instead of a sequential scan, reducing the cost of accessing `Booking.user_id`.
- **Cost Reduction**: The estimated cost drops (50.00..100.00 vs. 100.00..150.00) due to the index optimizing the join operation.
- **Execution Time**: The execution time decreases (0.050 ms vs. 0.080 ms), reflecting faster lookup of `Booking.user_id`.
- **Planning Time**: Slightly reduced (0.150 ms vs. 0.200 ms) due to simpler query planning with the index.

### Notes on Performance Measurement:
- **EXPLAIN vs. EXPLAIN ANALYZE**:
  - `EXPLAIN` shows the query plan without executing the query, providing estimated costs and operations (e.g., Seq Scan, Index Scan).
  - `EXPLAIN ANALYZE` executes the query and provides actual runtime statistics (e.g., actual time, rows, loops), which is more accurate for performance analysis.
  - Use `EXPLAIN` for quick analysis without running the query; use `EXPLAIN ANALYZE` for precise measurements, but be cautious in production as it executes the query.

- **Small Dataset Impact**: With the sample data (5 users, 3 bookings, 3 properties), performance improvements are minimal due to the small table sizes. Indexes have a more significant impact with larger datasets (e.g., thousands of rows), where sequential scans become costly.

- **Testing in Practice**:
  - Run `EXPLAIN ANALYZE` on your database before adding the indexes in `database_index.sql`.
  - Apply the indexes using the SQL in the artifact.
  - Run `EXPLAIN ANALYZE` again to compare costs, execution times, and plan changes (e.g., Seq Scan vs. Index Scan).
  - Check for index usage with `Index Scan` or `Bitmap Index Scan` in the plan.

- **Caveats**:
  - The `idx_property_group_by` index may not be heavily used unless the `GROUP BY` query on `Property(name, location, pricepernight)` is frequent or involves large datasets.
  - Indexes increase storage and slow down `INSERT`, `UPDATE`, and `DELETE` operations, so only create them for frequently queried columns.

If you want to test other queries (e.g., the window function or subquery) with `EXPLAIN ANALYZE`, or if you need additional indexes for specific use cases, please let me know!
